This file contains any messages produced by compilers while
running configure, to aid debugging if configure makes a mistake.

It was created by pcap configure 1.10.5, which was
generated by GNU Autoconf 2.71.  Invocation command line was

  $ ./configure

## --------- ##
## Platform. ##
## --------- ##

hostname = paul-f4Ar3s1.clusters.42paris.fr
uname -m = x86_64
uname -r = 5.15.0-134-generic
uname -s = Linux
uname -v = #145-Ubuntu SMP Wed Feb 12 20:08:39 UTC 2025

/usr/bin/uname -p = x86_64
/bin/uname -X     = unknown

/bin/arch              = x86_64
/usr/bin/arch -k       = unknown
/usr/convex/getsysinfo = unknown
/usr/bin/hostinfo      = unknown
/bin/machine           = unknown
/usr/bin/oslevel       = unknown
/bin/universe          = unknown

PATH: /home/yboudoui/bin/
PATH: /usr/local/sbin/
PATH: /usr/local/bin/
PATH: /usr/sbin/
PATH: /usr/bin/
PATH: /sbin/
PATH: /bin/
PATH: /usr/games/
PATH: /usr/local/games/
PATH: /snap/bin/


## ----------- ##
## Core tests. ##
## ----------- ##

configure:2776: looking for aux files: install-sh config.guess config.sub
configure:2789:  trying ./
configure:2800:   ./install-sh found
configure:2818:   ./config.guess found
configure:2818:   ./config.sub found
configure:3017: checking build system type
configure:3032: result: x86_64-pc-linux-gnu
configure:3052: checking host system type
configure:3066: result: x86_64-pc-linux-gnu
configure:3086: checking target system type
configure:3100: result: x86_64-pc-linux-gnu

## ---------------- ##
## Cache variables. ##
## ---------------- ##

ac_cv_build=x86_64-pc-linux-gnu
ac_cv_env_CC_set=
ac_cv_env_CC_value=
ac_cv_env_CFLAGS_set=
ac_cv_env_CFLAGS_value=
ac_cv_env_CPPFLAGS_set=
ac_cv_env_CPPFLAGS_value=
ac_cv_env_DBUS_CFLAGS_set=
ac_cv_env_DBUS_CFLAGS_value=
ac_cv_env_DBUS_LIBS_STATIC_set=
ac_cv_env_DBUS_LIBS_STATIC_value=
ac_cv_env_DBUS_LIBS_set=
ac_cv_env_DBUS_LIBS_value=
ac_cv_env_DPDK_CFLAGS_set=
ac_cv_env_DPDK_CFLAGS_value=
ac_cv_env_DPDK_LIBS_STATIC_set=
ac_cv_env_DPDK_LIBS_STATIC_value=
ac_cv_env_DPDK_LIBS_set=
ac_cv_env_DPDK_LIBS_value=
ac_cv_env_LDFLAGS_set=
ac_cv_env_LDFLAGS_value=
ac_cv_env_LIBIBVERBS_CFLAGS_set=
ac_cv_env_LIBIBVERBS_CFLAGS_value=
ac_cv_env_LIBIBVERBS_LIBS_STATIC_set=
ac_cv_env_LIBIBVERBS_LIBS_STATIC_value=
ac_cv_env_LIBIBVERBS_LIBS_set=
ac_cv_env_LIBIBVERBS_LIBS_value=
ac_cv_env_LIBNL_CFLAGS_set=
ac_cv_env_LIBNL_CFLAGS_value=
ac_cv_env_LIBNL_LIBS_STATIC_set=
ac_cv_env_LIBNL_LIBS_STATIC_value=
ac_cv_env_LIBNL_LIBS_set=
ac_cv_env_LIBNL_LIBS_value=
ac_cv_env_LIBS_set=
ac_cv_env_LIBS_value=
ac_cv_env_OPENSSL_CFLAGS_set=
ac_cv_env_OPENSSL_CFLAGS_value=
ac_cv_env_OPENSSL_LIBS_STATIC_set=
ac_cv_env_OPENSSL_LIBS_STATIC_value=
ac_cv_env_OPENSSL_LIBS_set=
ac_cv_env_OPENSSL_LIBS_value=
ac_cv_env_PKG_CONFIG_LIBDIR_set=
ac_cv_env_PKG_CONFIG_LIBDIR_value=
ac_cv_env_PKG_CONFIG_PATH_set=
ac_cv_env_PKG_CONFIG_PATH_value=
ac_cv_env_PKG_CONFIG_set=
ac_cv_env_PKG_CONFIG_value=
ac_cv_env_build_alias_set=
ac_cv_env_build_alias_value=
ac_cv_env_host_alias_set=
ac_cv_env_host_alias_value=
ac_cv_env_target_alias_set=
ac_cv_env_target_alias_value=
ac_cv_host=x86_64-pc-linux-gnu
ac_cv_target=x86_64-pc-linux-gnu

## ----------------- ##
## Output variables. ##
## ----------------- ##

ADDLARCHIVEOBJS=''
ADDLOBJS=''
AR=''
BISON_BYACC=''
BREW=''
BUILD_RPCAPD=''
CC=''
CFLAGS=''
CPPFLAGS=''
DBUS_CFLAGS=''
DBUS_LIBS=''
DBUS_LIBS_STATIC=''
DEFS=''
DEPENDENCY_CFLAG=''
DPDK_CFLAGS=''
DPDK_LIBS=''
DPDK_LIBS_STATIC=''
DYEXT=''
ECHO_C=''
ECHO_N='-n'
ECHO_T=''
EXEEXT=''
INSTALL_DATA=''
INSTALL_PROGRAM=''
INSTALL_RPCAPD=''
INSTALL_SCRIPT=''
LDFLAGS=''
LEX=''
LEXLIB=''
LEX_OUTPUT_ROOT=''
LIBIBVERBS_CFLAGS=''
LIBIBVERBS_LIBS=''
LIBIBVERBS_LIBS_STATIC=''
LIBNL_CFLAGS=''
LIBNL_LIBS=''
LIBNL_LIBS_STATIC=''
LIBOBJS=''
LIBS=''
LIBS_PRIVATE=''
LIBS_STATIC=''
LN_S=''
LTLIBOBJS=''
MAN_ADMIN_COMMANDS=''
MAN_DEVICES=''
MAN_FILE_FORMATS=''
MAN_MISC_INFO=''
MKDEP=''
MODULE_C_SRC=''
OBJEXT=''
OPENSSL_CFLAGS=''
OPENSSL_LIBS=''
OPENSSL_LIBS_STATIC=''
PACKAGE_BUGREPORT=''
PACKAGE_NAME='pcap'
PACKAGE_STRING='pcap 1.10.5'
PACKAGE_TARNAME='pcap'
PACKAGE_URL=''
PACKAGE_VERSION='1.10.5'
PATH_SEPARATOR=':'
PCAP_SUPPORT_BT=''
PCAP_SUPPORT_DBUS=''
PCAP_SUPPORT_DPDK=''
PCAP_SUPPORT_LINUX_USBMON=''
PCAP_SUPPORT_NETFILTER=''
PCAP_SUPPORT_NETMAP=''
PCAP_SUPPORT_RDMASNIFF=''
PKG_CONFIG=''
PKG_CONFIG_LIBDIR=''
PKG_CONFIG_PATH=''
PLATFORM_C_SRC=''
PTHREAD_LIBS=''
RANLIB=''
REENTRANT_PARSER=''
REMOTE_C_SRC=''
REQUIRES_PRIVATE=''
RPATH=''
RPCAPD_LIBS=''
SHELL='/bin/bash'
SHLICC2=''
VALGRINDTEST_SRC=''
V_CCOPT=''
V_DEFS=''
V_INCLS=''
V_LIB_CCOPT_FAT=''
V_LIB_LDFLAGS_FAT=''
V_PROG_CCOPT_FAT=''
V_PROG_LDFLAGS_FAT=''
V_SHLIB_CCOPT=''
V_SHLIB_CMD=''
V_SHLIB_OPT=''
V_SONAME_OPT=''
ac_ct_CC=''
bindir='${exec_prefix}/bin'
build='x86_64-pc-linux-gnu'
build_alias=''
build_cpu='x86_64'
build_os='linux-gnu'
build_vendor='pc'
datadir='${datarootdir}'
datarootdir='${prefix}/share'
docdir='${datarootdir}/doc/${PACKAGE_TARNAME}'
dvidir='${docdir}'
exec_prefix='NONE'
host='x86_64-pc-linux-gnu'
host_alias=''
host_cpu='x86_64'
host_os='linux-gnu'
host_vendor='pc'
htmldir='${docdir}'
includedir='${prefix}/include'
infodir='${datarootdir}/info'
libdir='${exec_prefix}/lib'
libexecdir='${exec_prefix}/libexec'
localedir='${datarootdir}/locale'
localstatedir='${prefix}/var'
mandir='${datarootdir}/man'
oldincludedir='/usr/include'
pdfdir='${docdir}'
prefix='NONE'
program_transform_name='s,x,x,'
psdir='${docdir}'
runstatedir='${localstatedir}/run'
sbindir='${exec_prefix}/sbin'
sharedstatedir='${prefix}/com'
sysconfdir='${prefix}/etc'
target='x86_64-pc-linux-gnu'
target_alias=''
target_cpu='x86_64'
target_os='linux-gnu'
target_vendor='pc'

## ----------- ##
## confdefs.h. ##
## ----------- ##

/* confdefs.h */
#define PACKAGE_NAME "pcap"
#define PACKAGE_TARNAME "pcap"
#define PACKAGE_VERSION "1.10.5"
#define PACKAGE_STRING "pcap 1.10.5"
#define PACKAGE_BUGREPORT ""
#define PACKAGE_URL ""

configure: exit 2
